Log file open, 12/01/18 16:24:14
LogWindows: Failed to load 'aqProf.dll' (GetLastError=126)
LogWindows: File 'aqProf.dll' does not exist
LogWindows: Failed to load 'VtuneApi.dll' (GetLastError=126)
LogWindows: File 'VtuneApi.dll' does not exist
LogWindows: Failed to load 'VtuneApi32e.dll' (GetLastError=126)
LogWindows: File 'VtuneApi32e.dll' does not exist
LogConsoleResponse: Display: Failed to find resolution value strings in scalability ini. Falling back to default.
LogInit: Display: Running engine for game: GameJamUntitled
LogPakFile: Registered encryption key '00000000000000000000000000000000': 0 pak files mounted, 0 remain pending
LogPlatformFile: Not using cached read wrapper
LogTaskGraph: Started task graph with 5 named threads and 23 total threads with 3 sets of task threads.
LogStats: Stats thread started at 0.512954
LogD3D11RHI: Loaded GFSDK_Aftermath_Lib.x64.dll
LogICUInternationalization: ICU TimeZone Detection - Raw Offset: +2:00, Platform Override: ''
LogPluginManager: Mounting plugin Paper2D
LogPluginManager: Mounting plugin AISupport
LogPluginManager: Mounting plugin LightPropagationVolume
LogPluginManager: Mounting plugin ActorLayerUtilities
LogPluginManager: Mounting plugin CLionSourceCodeAccess
LogPluginManager: Mounting plugin CodeLiteSourceCodeAccess
LogPluginManager: Mounting plugin GitSourceControl
LogPluginManager: Mounting plugin KDevelopSourceCodeAccess
LogPluginManager: Mounting plugin NullSourceCodeAccess
LogPluginManager: Mounting plugin PerforceSourceControl
LogPluginManager: Mounting plugin SubversionSourceControl
LogPluginManager: Mounting plugin UObjectPlugin
LogPluginManager: Mounting plugin VisualStudioCodeSourceCodeAccess
LogPluginManager: Mounting plugin VisualStudioSourceCodeAccess
LogPluginManager: Mounting plugin XCodeSourceCodeAccess
LogPluginManager: Mounting plugin AssetManagerEditor
LogPluginManager: Mounting plugin CryptoKeys
LogPluginManager: Mounting plugin DataValidation
LogPluginManager: Mounting plugin FacialAnimation
LogPluginManager: Mounting plugin GameplayTagsEditor
LogPluginManager: Mounting plugin MacGraphicsSwitching
LogPluginManager: Mounting plugin MeshEditor
LogPluginManager: Mounting plugin MobileLauncherProfileWizard
LogPluginManager: Mounting plugin PluginBrowser
LogPluginManager: Mounting plugin SpeedTreeImporter
LogPluginManager: Mounting plugin DatasmithContent
LogPluginManager: Mounting plugin VariantManagerContent
LogPluginManager: Mounting plugin AlembicImporter
LogPluginManager: Mounting plugin AppleImageUtils
LogPluginManager: Mounting plugin AppleVision
LogPluginManager: Mounting plugin BackChannel
LogPluginManager: Mounting plugin CharacterAI
LogPluginManager: Mounting plugin GeometryCache
LogPluginManager: Mounting plugin HTML5Networking
LogPluginManager: Mounting plugin ProxyLODPlugin
LogPluginManager: Mounting plugin MagicLeap
LogPluginManager: Mounting plugin MagicLeapMedia
LogPluginManager: Mounting plugin AndroidMedia
LogPluginManager: Mounting plugin AvfMedia
LogPluginManager: Mounting plugin ImgMedia
LogPluginManager: Mounting plugin LinearTimecode
LogPluginManager: Mounting plugin MediaCompositing
LogPluginManager: Mounting plugin MediaPlayerEditor
LogPluginManager: Mounting plugin WebMMedia
LogPluginManager: Mounting plugin WmfMedia
LogPluginManager: Mounting plugin TcpMessaging
LogPluginManager: Mounting plugin UdpMessaging
LogPluginManager: Mounting plugin ActorSequence
LogPluginManager: Mounting plugin LevelSequenceEditor
LogPluginManager: Mounting plugin MatineeToLevelSequence
LogPluginManager: Mounting plugin NetcodeUnitTest
LogPluginManager: Mounting plugin NUTUnrealEngine4
LogPluginManager: Mounting plugin OnlineSubsystemGooglePlay
LogPluginManager: Mounting plugin OnlineSubsystemIOS
LogPluginManager: Mounting plugin OnlineSubsystem
LogPluginManager: Mounting plugin OnlineSubsystemNull
LogPluginManager: Mounting plugin OnlineSubsystemUtils
LogPluginManager: Mounting plugin LauncherChunkInstaller
LogPluginManager: Mounting plugin AndroidDeviceProfileSelector
LogPluginManager: Mounting plugin AndroidMoviePlayer
LogPluginManager: Mounting plugin AndroidPermission
LogPluginManager: Mounting plugin AppleMoviePlayer
LogPluginManager: Mounting plugin ArchVisCharacter
LogPluginManager: Mounting plugin AudioCapture
LogPluginManager: Mounting plugin CableComponent
LogPluginManager: Mounting plugin CustomMeshComponent
LogPluginManager: Mounting plugin EditableMesh
LogPluginManager: Mounting plugin ExampleDeviceProfileSelector
LogPluginManager: Mounting plugin Firebase
LogPluginManager: Mounting plugin GoogleCloudMessaging
LogPluginManager: Mounting plugin IOSDeviceProfileSelector
LogPluginManager: Mounting plugin LinuxDeviceProfileSelector
LogPluginManager: Mounting plugin LocationServicesBPLibrary
LogPluginManager: Mounting plugin MobilePatchingUtils
LogPluginManager: Mounting plugin OculusVR
LogPluginManager: Mounting plugin PhysXVehicles
LogPluginManager: Mounting plugin ProceduralMeshComponent
LogPluginManager: Mounting plugin RuntimePhysXCooking
LogPluginManager: Mounting plugin SteamVR
LogPluginManager: Mounting plugin WebMMoviePlayer
LogPluginManager: Mounting plugin WindowsMoviePlayer
LogStreaming: Display: Took  0.231s to configure plugins.
LogInit: Warning: Incompatible or missing module: GameJamUntitled
Running C:/Program Files/Epic Games/UE_4.21/Engine/Binaries/DotNET/UnrealBuildTool.exe Development Win64 -Project="C:/Users/doguk/Desktop/Cekirdek_Jam_2-master/Cekirdek_Jam_2-master/GameJamUntitled.uproject" -TargetType=Editor -Progress -NoHotReloadFromIDE
Creating makefile for GameJamUntitledEditor (no existing makefile)
Performing full C++ include scan (no include cache file)
Using Visual Studio 2017 14.14.26428 toolchain (C:\Program Files (x86)\Microsoft Visual Studio\2017\Community\VC\Tools\MSVC\14.14.26428) and Windows 10.0.17134.0 SDK (C:\Program Files (x86)\Windows Kits\10).
@progress push 5%
Parsing headers for GameJamUntitledEditor
  Running UnrealHeaderTool "C:\Users\doguk\Desktop\Cekirdek_Jam_2-master\Cekirdek_Jam_2-master\GameJamUntitled.uproject" "C:\Users\doguk\Desktop\Cekirdek_Jam_2-master\Cekirdek_Jam_2-master\Intermediate\Build\Win64\GameJamUntitledEditor\Development\GameJamUntitledEditor.uhtmanifest" -LogCmds="loginit warning, logexit warning, logdatabase error" -Unattended -WarningsAsErrors -installed
Reflection code generated for GameJamUntitledEditor in 19,864665 seconds
@progress pop
Building 8 actions with 8 processes...
  @progress 'Compiling C++ source code...' 0%
  @progress 'Compiling C++ source code...' 12%
  [1/8] PCLaunch.rc
  @progress 'Compiling C++ source code...' 25%
  [2/8] SharedPCH.Engine.cpp
  @progress 'Compiling C++ source code...' 38%
  [3/8] GameJamUntitled.cpp
  @progress 'Compiling C++ source code...' 50%
  [4/8] GameJamUntitled.init.gen.cpp
  @progress 'Compiling C++ source code...' 62%
  [5/8] GameJamUntitledGameModeBase.cpp
  @progress 'Compiling C++ source code...' 75%
  [6/8] GameJamUntitledGameModeBase.gen.cpp
  @progress 'Compiling C++ source code...' 88%
  [7/8] UE4Editor-GameJamUntitled.lib
     C:\Users\doguk\Desktop\Cekirdek_Jam_2-master\Cekirdek_Jam_2-master\Intermediate\Build\Win64\UE4Editor\Development\GameJamUntitled\UE4Editor-GameJamUntitled.lib kitapl??? ve C:\Users\doguk\Desktop\Cekirdek_Jam_2-master\Cekirdek_Jam_2-master\Intermediate\Build\Win64\UE4Editor\Development\GameJamUntitled\UE4Editor-GameJamUntitled.exp nesnesi olu?turuluyor
  @progress 'Compiling C++ source code...' 100%
  [8/8] UE4Editor-GameJamUntitled.dll
     C:\Users\doguk\Desktop\Cekirdek_Jam_2-master\Cekirdek_Jam_2-master\Intermediate\Build\Win64\UE4Editor\Development\GameJamUntitled\UE4Editor-GameJamUntitled.suppressed.lib kitapl??? ve C:\Users\doguk\Desktop\Cekirdek_Jam_2-master\Cekirdek_Jam_2-master\Intermediate\Build\Win64\UE4Editor\Development\GameJamUntitled\UE4Editor-GameJamUntitled.suppressed.exp nesnesi olu?turuluyor
Total build time: 94,11 seconds (Parallel executor: 44,13 seconds)
LogInit: Using libcurl 7.55.1-DEV
LogInit:  - built for x86_64-pc-win32
LogInit:  - supports SSL with OpenSSL/1.0.2h
LogInit:  - supports HTTP deflate (compression) using libz 1.2.8
LogInit:  - other features:
LogInit:      CURL_VERSION_SSL
LogInit:      CURL_VERSION_LIBZ
LogInit:      CURL_VERSION_IPV6
LogInit:      CURL_VERSION_ASYNCHDNS
LogInit:      CURL_VERSION_LARGEFILE
LogInit:      CURL_VERSION_IDN
LogInit:  CurlRequestOptions (configurable via config and command line):
LogInit:  - bVerifyPeer = true  - Libcurl will verify peer certificate
LogInit:  - bUseHttpProxy = false  - Libcurl will NOT use HTTP proxy
LogInit:  - bDontReuseConnections = false  - Libcurl will reuse connections
LogInit:  - MaxHostConnections = 16  - Libcurl will limit the number of connections to a host
LogInit:  - LocalHostAddr = Default
LogInit:  - BufferSize = 65536
LogInit: WinSock: version 1.1 (2.2), MaxSocks=32767, MaxUdp=65467
LogInit: Build: ++UE4+Release-4.21-CL-4541578
LogInit: Engine Version: 4.21.0-4541578+++UE4+Release-4.21
LogInit: Compatible Engine Version: 4.21.0-4541578+++UE4+Release-4.21
LogInit: Net CL: 4541578
LogInit: OS: Windows 10 (), CPU: Intel(R) Core(TM) i7-7700HQ CPU @ 2.80GHz, GPU: Intel(R) HD Graphics 630
LogInit: Compiled (64-bit): Nov  6 2018 02:04:24
LogInit: Compiled with Visual C++: 19.13.26129.00
LogInit: Build Configuration: Development
LogInit: Branch Name: ++UE4+Release-4.21
LogInit: Command Line:  -game
LogInit: Base Directory: C:/Program Files/Epic Games/UE_4.21/Engine/Binaries/Win64/
LogInit: Installed Engine Build: 1
LogDevObjectVersion: Number of dev versions registered: 22
LogDevObjectVersion:   Dev-Blueprints (B0D832E4-1F89-4F0D-ACCF-7EB736FD4AA2): 10
LogDevObjectVersion:   Dev-Build (E1C64328-A22C-4D53-A36C-8E866417BD8C): 0
LogDevObjectVersion:   Dev-Core (375EC13C-06E4-48FB-B500-84F0262A717E): 2
LogDevObjectVersion:   Dev-Editor (E4B068ED-F494-42E9-A231-DA0B2E46BB41): 26
LogDevObjectVersion:   Dev-Framework (CFFC743F-43B0-4480-9391-14DF171D2073): 34
LogDevObjectVersion:   Dev-Mobile (B02B49B5-BB20-44E9-A304-32B752E40360): 2
LogDevObjectVersion:   Dev-Networking (A4E4105C-59A1-49B5-A7C5-40C4547EDFEE): 0
LogDevObjectVersion:   Dev-Online (39C831C9-5AE6-47DC-9A44-9C173E1C8E7C): 0
LogDevObjectVersion:   Dev-Physics (78F01B33-EBEA-4F98-B9B4-84EACCB95AA2): 0
LogDevObjectVersion:   Dev-Platform (6631380F-2D4D-43E0-8009-CF276956A95A): 0
LogDevObjectVersion:   Dev-Rendering (12F88B9F-8875-4AFC-A67C-D90C383ABD29): 27
LogDevObjectVersion:   Dev-Sequencer (7B5AE74C-D270-4C10-A958-57980B212A5A): 9
LogDevObjectVersion:   Dev-VR (D7296918-1DD6-4BDD-9DE2-64A83CC13884): 2
LogDevObjectVersion:   Dev-LoadTimes (C2A15278-BFE7-4AFE-6C17-90FF531DF755): 1
LogDevObjectVersion:   Private-Geometry (6EACA3D4-40EC-4CC1-B786-8BED09428FC5): 3
LogDevObjectVersion:   Dev-AnimPhys (29E575DD-E0A3-4627-9D10-D276232CDCEA): 17
LogDevObjectVersion:   Dev-Anim (AF43A65D-7FD3-4947-9873-3E8ED9C1BB05): 2
LogDevObjectVersion:   Dev-ReflectionCapture (6B266CEC-1EC7-4B8F-A30B-E4D90942FC07): 1
LogDevObjectVersion:   Dev-Automation (0DF73D61-A23F-47EA-B727-89E90C41499A): 1
LogDevObjectVersion:   FortniteMain (601D1886-AC64-4F84-AA16-D3DE0DEAC7D6): 17
LogDevObjectVersion:   Dev-Enterprise (9DFFBCD6-494F-0158-E221-12823C92A888): 4
LogDevObjectVersion:   Dev-Niagara (F2AED0AC-9AFE-416F-8664-AA7FFA26D6FC): 1
LogStreaming: Display: Took  0.001s to delete old logs.
LogInit: Presizing for max 8388607 objects, including 0 objects not considered by GC, pre-allocating 0 bytes for permanent pool.
LogInit: Object subsystem initialized
LogConfig: Setting CVar [[con.DebugEarlyDefault:1]]
LogConfig: Setting CVar [[r.setres:1280x720]]
[2018.12.01-13.26.03:649][  0]LogConfig: Setting CVar [[con.DebugEarlyDefault:1]]
[2018.12.01-13.26.03:650][  0]LogConfig: Setting CVar [[r.setres:1280x720]]
[2018.12.01-13.26.03:650][  0]LogConfig: Applying CVar settings from Section [/Script/Engine.RendererSettings] File [C:/Users/doguk/Desktop/Cekirdek_Jam_2-master/Cekirdek_Jam_2-master/Saved/Config/Windows/Engine.ini]
[2018.12.01-13.26.03:650][  0]LogConfig: Setting CVar [[r.GPUCrashDebugging:0]]
[2018.12.01-13.26.03:650][  0]LogConfig: Applying CVar settings from Section [/Script/Engine.RendererOverrideSettings] File [C:/Users/doguk/Desktop/Cekirdek_Jam_2-master/Cekirdek_Jam_2-master/Saved/Config/Windows/Engine.ini]
[2018.12.01-13.26.03:650][  0]LogConfig: Applying CVar settings from Section [/Script/Engine.StreamingSettings] File [C:/Users/doguk/Desktop/Cekirdek_Jam_2-master/Cekirdek_Jam_2-master/Saved/Config/Windows/Engine.ini]
[2018.12.01-13.26.03:650][  0]LogConfig: Setting CVar [[s.MinBulkDataSizeForAsyncLoading:131072]]
[2018.12.01-13.26.03:650][  0]LogConfig: Setting CVar [[s.AsyncLoadingThreadEnabled:0]]
[2018.12.01-13.26.03:650][  0]LogConfig: Setting CVar [[s.EventDrivenLoaderEnabled:1]]
[2018.12.01-13.26.03:650][  0]LogConfig: Setting CVar [[s.WarnIfTimeLimitExceeded:0]]
[2018.12.01-13.26.03:650][  0]LogConfig: Setting CVar [[s.TimeLimitExceededMultiplier:1.5]]
[2018.12.01-13.26.03:650][  0]LogConfig: Setting CVar [[s.TimeLimitExceededMinTime:0.005]]
[2018.12.01-13.26.03:650][  0]LogConfig: Setting CVar [[s.UseBackgroundLevelStreaming:1]]
[2018.12.01-13.26.03:650][  0]LogConfig: Setting CVar [[s.PriorityAsyncLoadingExtraTime:15.0]]
[2018.12.01-13.26.03:650][  0]LogConfig: Setting CVar [[s.LevelStreamingActorsUpdateTimeLimit:5.0]]
[2018.12.01-13.26.03:650][  0]LogConfig: Setting CVar [[s.PriorityLevelStreamingActorsUpdateExtraTime:5.0]]
[2018.12.01-13.26.03:650][  0]LogConfig: Setting CVar [[s.LevelStreamingComponentsRegistrationGranularity:10]]
[2018.12.01-13.26.03:650][  0]LogConfig: Setting CVar [[s.UnregisterComponentsTimeLimit:1.0]]
[2018.12.01-13.26.03:650][  0]LogConfig: Setting CVar [[s.LevelStreamingComponentsUnregistrationGranularity:5]]
[2018.12.01-13.26.03:650][  0]LogConfig: Applying CVar settings from Section [/Script/Engine.GarbageCollectionSettings] File [C:/Users/doguk/Desktop/Cekirdek_Jam_2-master/Cekirdek_Jam_2-master/Saved/Config/Windows/Engine.ini]
[2018.12.01-13.26.03:650][  0]LogConfig: Setting CVar [[gc.MaxObjectsNotConsideredByGC:1]]
[2018.12.01-13.26.03:650][  0]LogConfig: Setting CVar [[gc.SizeOfPermanentObjectPool:0]]
[2018.12.01-13.26.03:650][  0]LogConfig: Setting CVar [[gc.FlushStreamingOnGC:0]]
[2018.12.01-13.26.03:650][  0]LogConfig: Setting CVar [[gc.NumRetriesBeforeForcingGC:10]]
[2018.12.01-13.26.03:650][  0]LogConfig: Setting CVar [[gc.AllowParallelGC:1]]
[2018.12.01-13.26.03:650][  0]LogConfig: Setting CVar [[gc.TimeBetweenPurgingPendingKillObjects:61.1]]
[2018.12.01-13.26.03:650][  0]LogConfig: Setting CVar [[gc.MaxObjectsInEditor:8388607]]
[2018.12.01-13.26.03:650][  0]LogConfig: Setting CVar [[gc.IncrementalBeginDestroyEnabled:1]]
[2018.12.01-13.26.03:650][  0]LogConfig: Setting CVar [[gc.CreateGCClusters:1]]
[2018.12.01-13.26.03:650][  0]LogConfig: Setting CVar [[gc.MergeGCClusters:0]]
[2018.12.01-13.26.03:650][  0]LogConfig: Setting CVar [[gc.MinGCClusterSize:5]]
[2018.12.01-13.26.03:650][  0]LogConfig: Setting CVar [[gc.ActorClusteringEnabled:0]]
[2018.12.01-13.26.03:650][  0]LogConfig: Setting CVar [[gc.BlueprintClusteringEnabled:0]]
[2018.12.01-13.26.03:650][  0]LogConfig: Setting CVar [[gc.UseDisregardForGCOnDedicatedServers:0]]
[2018.12.01-13.26.03:650][  0]LogConfig: Applying CVar settings from Section [/Script/Engine.NetworkSettings] File [C:/Users/doguk/Desktop/Cekirdek_Jam_2-master/Cekirdek_Jam_2-master/Saved/Config/Windows/Engine.ini]
[2018.12.01-13.26.03:650][  0]LogConfig: Applying CVar settings from Section [/Script/UnrealEd.CookerSettings] File [C:/Users/doguk/Desktop/Cekirdek_Jam_2-master/Cekirdek_Jam_2-master/Saved/Config/Windows/Engine.ini]
[2018.12.01-13.26.03:825][  0]LogConfig: Applying CVar settings from Section [ViewDistanceQuality@3] File [C:/Users/doguk/Desktop/Cekirdek_Jam_2-master/Cekirdek_Jam_2-master/Saved/Config/Windows/Scalability.ini]
[2018.12.01-13.26.03:825][  0]LogConfig: Setting CVar [[r.SkeletalMeshLODBias:0]]
[2018.12.01-13.26.03:825][  0]LogConfig: Setting CVar [[r.ViewDistanceScale:1.0]]
[2018.12.01-13.26.03:825][  0]LogConfig: Applying CVar settings from Section [AntiAliasingQuality@3] File [C:/Users/doguk/Desktop/Cekirdek_Jam_2-master/Cekirdek_Jam_2-master/Saved/Config/Windows/Scalability.ini]
[2018.12.01-13.26.03:825][  0]LogConfig: Setting CVar [[r.PostProcessAAQuality:4]]
[2018.12.01-13.26.03:825][  0]LogConfig: Applying CVar settings from Section [ShadowQuality@3] File [C:/Users/doguk/Desktop/Cekirdek_Jam_2-master/Cekirdek_Jam_2-master/Saved/Config/Windows/Scalability.ini]
[2018.12.01-13.26.03:825][  0]LogConfig: Setting CVar [[r.LightFunctionQuality:1]]
[2018.12.01-13.26.03:825][  0]LogConfig: Setting CVar [[r.ShadowQuality:5]]
[2018.12.01-13.26.03:825][  0]LogConfig: Setting CVar [[r.Shadow.CSM.MaxCascades:10]]
[2018.12.01-13.26.03:825][  0]LogConfig: Setting CVar [[r.Shadow.MaxResolution:2048]]
[2018.12.01-13.26.03:825][  0]LogConfig: Setting CVar [[r.Shadow.MaxCSMResolution:2048]]
[2018.12.01-13.26.03:825][  0]LogConfig: Setting CVar [[r.Shadow.RadiusThreshold:0.01]]
[2018.12.01-13.26.03:825][  0]LogConfig: Setting CVar [[r.Shadow.DistanceScale:1.0]]
[2018.12.01-13.26.03:825][  0]LogConfig: Setting CVar [[r.Shadow.CSM.TransitionScale:1.0]]
[2018.12.01-13.26.03:825][  0]LogConfig: Setting CVar [[r.Shadow.PreShadowResolutionFactor:1.0]]
[2018.12.01-13.26.03:825][  0]LogConfig: Setting CVar [[r.DistanceFieldShadowing:1]]
[2018.12.01-13.26.03:825][  0]LogConfig: Setting CVar [[r.DistanceFieldAO:1]]
[2018.12.01-13.26.03:825][  0]LogConfig: Setting CVar [[r.AOQuality:2]]
[2018.12.01-13.26.03:825][  0]LogConfig: Setting CVar [[r.VolumetricFog:1]]
[2018.12.01-13.26.03:825][  0]LogConfig: Setting CVar [[r.VolumetricFog.GridPixelSize:8]]
[2018.12.01-13.26.03:825][  0]LogConfig: Setting CVar [[r.VolumetricFog.GridSizeZ:128]]
[2018.12.01-13.26.03:825][  0]LogConfig: Setting CVar [[r.VolumetricFog.HistoryMissSupersampleCount:4]]
[2018.12.01-13.26.03:825][  0]LogConfig: Setting CVar [[r.LightMaxDrawDistanceScale:1]]
[2018.12.01-13.26.03:825][  0]LogConfig: Setting CVar [[r.CapsuleShadows:1]]
[2018.12.01-13.26.03:825][  0]LogConfig: Applying CVar settings from Section [PostProcessQuality@3] File [C:/Users/doguk/Desktop/Cekirdek_Jam_2-master/Cekirdek_Jam_2-master/Saved/Config/Windows/Scalability.ini]
[2018.12.01-13.26.03:825][  0]LogConfig: Setting CVar [[r.MotionBlurQuality:4]]
[2018.12.01-13.26.03:825][  0]LogConfig: Setting CVar [[r.AmbientOcclusionMipLevelFactor:0.4]]
[2018.12.01-13.26.03:825][  0]LogConfig: Setting CVar [[r.AmbientOcclusionMaxQuality:100]]
[2018.12.01-13.26.03:825][  0]LogConfig: Setting CVar [[r.AmbientOcclusionLevels:-1]]
[2018.12.01-13.26.03:825][  0]LogConfig: Setting CVar [[r.AmbientOcclusionRadiusScale:1.0]]
[2018.12.01-13.26.03:825][  0]LogConfig: Setting CVar [[r.DepthOfFieldQuality:2]]
[2018.12.01-13.26.03:825][  0]LogConfig: Setting CVar [[r.RenderTargetPoolMin:400]]
[2018.12.01-13.26.03:825][  0]LogConfig: Setting CVar [[r.LensFlareQuality:2]]
[2018.12.01-13.26.03:825][  0]LogConfig: Setting CVar [[r.SceneColorFringeQuality:1]]
[2018.12.01-13.26.03:825][  0]LogConfig: Setting CVar [[r.EyeAdaptationQuality:2]]
[2018.12.01-13.26.03:825][  0]LogConfig: Setting CVar [[r.BloomQuality:5]]
[2018.12.01-13.26.03:825][  0]LogConfig: Setting CVar [[r.FastBlurThreshold:100]]
[2018.12.01-13.26.03:825][  0]LogConfig: Setting CVar [[r.Upscale.Quality:3]]
[2018.12.01-13.26.03:825][  0]LogConfig: Setting CVar [[r.Tonemapper.GrainQuantization:1]]
[2018.12.01-13.26.03:825][  0]LogConfig: Setting CVar [[r.LightShaftQuality:1]]
[2018.12.01-13.26.03:825][  0]LogConfig: Setting CVar [[r.Filter.SizeScale:1]]
[2018.12.01-13.26.03:825][  0]LogConfig: Setting CVar [[r.Tonemapper.Quality:5]]
[2018.12.01-13.26.03:825][  0]LogConfig: Setting CVar [[r.DOF.Gather.AccumulatorQuality:1        ; higher gathering accumulator quality]]
[2018.12.01-13.26.03:825][  0]LogConfig: Setting CVar [[r.DOF.Gather.PostfilterMethod:1          ; Median3x3 postfilering method]]
[2018.12.01-13.26.03:825][  0]LogConfig: Setting CVar [[r.DOF.Gather.EnableBokehSettings:0       ; no bokeh simulation when gathering]]
[2018.12.01-13.26.03:825][  0]LogConfig: Setting CVar [[r.DOF.Gather.RingCount:4                 ; medium number of samples when gathering]]
[2018.12.01-13.26.03:825][  0]LogConfig: Setting CVar [[r.DOF.Scatter.ForegroundCompositing:1    ; additive foreground scattering]]
[2018.12.01-13.26.03:825][  0]LogConfig: Setting CVar [[r.DOF.Scatter.BackgroundCompositing:2    ; additive background scattering]]
[2018.12.01-13.26.03:825][  0]LogConfig: Setting CVar [[r.DOF.Scatter.EnableBokehSettings:1      ; bokeh simulation when scattering]]
[2018.12.01-13.26.03:825][  0]LogConfig: Setting CVar [[r.DOF.Scatter.MaxSpriteRatio:0.1         ; only a maximum of 10% of scattered bokeh]]
[2018.12.01-13.26.03:825][  0]LogConfig: Setting CVar [[r.DOF.Recombine.Quality:1                ; cheap slight out of focus]]
[2018.12.01-13.26.03:825][  0]LogConfig: Setting CVar [[r.DOF.Recombine.EnableBokehSettings:0    ; no bokeh simulation on slight out of focus]]
[2018.12.01-13.26.03:825][  0]LogConfig: Setting CVar [[r.DOF.TemporalAAQuality:1                ; more stable temporal accumulation]]
[2018.12.01-13.26.03:825][  0]LogConfig: Setting CVar [[r.DOF.Kernel.MaxForegroundRadius:0.025]]
[2018.12.01-13.26.03:826][  0]LogConfig: Setting CVar [[r.DOF.Kernel.MaxBackgroundRadius:0.025]]
[2018.12.01-13.26.03:826][  0]LogConfig: Applying CVar settings from Section [TextureQuality@3] File [C:/Users/doguk/Desktop/Cekirdek_Jam_2-master/Cekirdek_Jam_2-master/Saved/Config/Windows/Scalability.ini]
[2018.12.01-13.26.03:826][  0]LogConfig: Setting CVar [[r.Streaming.MipBias:0]]
[2018.12.01-13.26.03:826][  0]LogConfig: Setting CVar [[r.Streaming.AmortizeCPUToGPUCopy:0]]
[2018.12.01-13.26.03:826][  0]LogConfig: Setting CVar [[r.Streaming.MaxNumTexturesToStreamPerFrame:0]]
[2018.12.01-13.26.03:826][  0]LogConfig: Setting CVar [[r.Streaming.Boost:1]]
[2018.12.01-13.26.03:826][  0]LogConfig: Setting CVar [[r.MaxAnisotropy:8]]
[2018.12.01-13.26.03:826][  0]LogConfig: Setting CVar [[r.Streaming.LimitPoolSizeToVRAM:0]]
[2018.12.01-13.26.03:826][  0]LogConfig: Setting CVar [[r.Streaming.PoolSize:1000]]
[2018.12.01-13.26.03:826][  0]LogConfig: Setting CVar [[r.Streaming.MaxEffectiveScreenSize:0]]
[2018.12.01-13.26.03:826][  0]LogConfig: Applying CVar settings from Section [EffectsQuality@3] File [C:/Users/doguk/Desktop/Cekirdek_Jam_2-master/Cekirdek_Jam_2-master/Saved/Config/Windows/Scalability.ini]
[2018.12.01-13.26.03:826][  0]LogConfig: Setting CVar [[r.TranslucencyLightingVolumeDim:64]]
[2018.12.01-13.26.03:826][  0]LogConfig: Setting CVar [[r.RefractionQuality:2]]
[2018.12.01-13.26.03:826][  0]LogConfig: Setting CVar [[r.SSR.Quality:3]]
[2018.12.01-13.26.03:826][  0]LogConfig: Setting CVar [[r.SceneColorFormat:4]]
[2018.12.01-13.26.03:826][  0]LogConfig: Setting CVar [[r.DetailMode:2]]
[2018.12.01-13.26.03:826][  0]LogConfig: Setting CVar [[r.TranslucencyVolumeBlur:1]]
[2018.12.01-13.26.03:826][  0]LogConfig: Setting CVar [[r.MaterialQualityLevel:1 ; High quality]]
[2018.12.01-13.26.03:826][  0]LogConfig: Setting CVar [[r.SSS.Scale:1]]
[2018.12.01-13.26.03:826][  0]LogConfig: Setting CVar [[r.SSS.SampleSet:2]]
[2018.12.01-13.26.03:826][  0]LogConfig: Setting CVar [[r.SSS.Quality:1]]
[2018.12.01-13.26.03:826][  0]LogConfig: Setting CVar [[r.SSS.HalfRes:1]]
[2018.12.01-13.26.03:826][  0]LogConfig: Setting CVar [[r.EmitterSpawnRateScale:1.0]]
[2018.12.01-13.26.03:826][  0]LogConfig: Setting CVar [[r.ParticleLightQuality:2]]
[2018.12.01-13.26.03:826][  0]LogConfig: Applying CVar settings from Section [FoliageQuality@3] File [C:/Users/doguk/Desktop/Cekirdek_Jam_2-master/Cekirdek_Jam_2-master/Saved/Config/Windows/Scalability.ini]
[2018.12.01-13.26.03:826][  0]LogConfig: Setting CVar [[foliage.DensityScale:1.0]]
[2018.12.01-13.26.03:826][  0]LogConfig: Setting CVar [[grass.DensityScale:1.0]]
[2018.12.01-13.26.03:840][  0]LogInit: Selected Device Profile: [Windows]
[2018.12.01-13.26.03:841][  0]LogInit: Applying CVar settings loaded from the selected device profile: [Windows]
[2018.12.01-13.26.03:939][  0]LogHAL: Display: Platform has ~ 16 GB [17059516416 / 17179869184 / 16], which maps to Larger [LargestMinGB=32, LargerMinGB=12, DefaultMinGB=8, SmallerMinGB=6, SmallestMinGB=0)
[2018.12.01-13.26.03:959][  0]LogConfig: Setting CVar [[r.Vulkan.UseRealUBs:1]]
[2018.12.01-13.26.03:959][  0]LogInit: Going up to parent DeviceProfile []
[2018.12.01-13.26.03:959][  0]LogConfig: Applying CVar settings from Section [ViewDistanceQuality@3] File [C:/Users/doguk/Desktop/Cekirdek_Jam_2-master/Cekirdek_Jam_2-master/Saved/Config/Windows/Scalability.ini]
[2018.12.01-13.26.03:959][  0]LogConfig: Setting CVar [[r.SkeletalMeshLODBias:0]]
[2018.12.01-13.26.03:959][  0]LogConfig: Setting CVar [[r.ViewDistanceScale:1.0]]
[2018.12.01-13.26.03:959][  0]LogConfig: Applying CVar settings from Section [AntiAliasingQuality@3] File [C:/Users/doguk/Desktop/Cekirdek_Jam_2-master/Cekirdek_Jam_2-master/Saved/Config/Windows/Scalability.ini]
[2018.12.01-13.26.03:959][  0]LogConfig: Setting CVar [[r.PostProcessAAQuality:4]]
[2018.12.01-13.26.03:959][  0]LogConfig: Applying CVar settings from Section [ShadowQuality@3] File [C:/Users/doguk/Desktop/Cekirdek_Jam_2-master/Cekirdek_Jam_2-master/Saved/Config/Windows/Scalability.ini]
[2018.12.01-13.26.03:959][  0]LogConfig: Setting CVar [[r.LightFunctionQuality:1]]
[2018.12.01-13.26.03:959][  0]LogConfig: Setting CVar [[r.ShadowQuality:5]]
[2018.12.01-13.26.03:959][  0]LogConfig: Setting CVar [[r.Shadow.CSM.MaxCascades:10]]
[2018.12.01-13.26.03:959][  0]LogConfig: Setting CVar [[r.Shadow.MaxResolution:2048]]
[2018.12.01-13.26.03:959][  0]LogConfig: Setting CVar [[r.Shadow.MaxCSMResolution:2048]]
[2018.12.01-13.26.03:959][  0]LogConfig: Setting CVar [[r.Shadow.RadiusThreshold:0.01]]
[2018.12.01-13.26.03:959][  0]LogConfig: Setting CVar [[r.Shadow.DistanceScale:1.0]]
[2018.12.01-13.26.03:959][  0]LogConfig: Setting CVar [[r.Shadow.CSM.TransitionScale:1.0]]
[2018.12.01-13.26.03:959][  0]LogConfig: Setting CVar [[r.Shadow.PreShadowResolutionFactor:1.0]]
[2018.12.01-13.26.03:959][  0]LogConfig: Setting CVar [[r.DistanceFieldShadowing:1]]
[2018.12.01-13.26.03:959][  0]LogConfig: Setting CVar [[r.DistanceFieldAO:1]]
[2018.12.01-13.26.03:959][  0]LogConfig: Setting CVar [[r.AOQuality:2]]
[2018.12.01-13.26.03:959][  0]LogConfig: Setting CVar [[r.VolumetricFog:1]]
[2018.12.01-13.26.03:959][  0]LogConfig: Setting CVar [[r.VolumetricFog.GridPixelSize:8]]
[2018.12.01-13.26.03:959][  0]LogConfig: Setting CVar [[r.VolumetricFog.GridSizeZ:128]]
[2018.12.01-13.26.03:959][  0]LogConfig: Setting CVar [[r.VolumetricFog.HistoryMissSupersampleCount:4]]
[2018.12.01-13.26.03:959][  0]LogConfig: Setting CVar [[r.LightMaxDrawDistanceScale:1]]
[2018.12.01-13.26.03:960][  0]LogConfig: Setting CVar [[r.CapsuleShadows:1]]
[2018.12.01-13.26.03:960][  0]LogConfig: Applying CVar settings from Section [PostProcessQuality@3] File [C:/Users/doguk/Desktop/Cekirdek_Jam_2-master/Cekirdek_Jam_2-master/Saved/Config/Windows/Scalability.ini]
[2018.12.01-13.26.03:960][  0]LogConfig: Setting CVar [[r.MotionBlurQuality:4]]
[2018.12.01-13.26.03:960][  0]LogConfig: Setting CVar [[r.AmbientOcclusionMipLevelFactor:0.4]]
[2018.12.01-13.26.03:960][  0]LogConfig: Setting CVar [[r.AmbientOcclusionMaxQuality:100]]
[2018.12.01-13.26.03:960][  0]LogConfig: Setting CVar [[r.AmbientOcclusionLevels:-1]]
[2018.12.01-13.26.03:960][  0]LogConfig: Setting CVar [[r.AmbientOcclusionRadiusScale:1.0]]
[2018.12.01-13.26.03:960][  0]LogConfig: Setting CVar [[r.DepthOfFieldQuality:2]]
[2018.12.01-13.26.03:960][  0]LogConfig: Setting CVar [[r.RenderTargetPoolMin:400]]
[2018.12.01-13.26.03:960][  0]LogConfig: Setting CVar [[r.LensFlareQuality:2]]
[2018.12.01-13.26.03:960][  0]LogConfig: Setting CVar [[r.SceneColorFringeQuality:1]]
[2018.12.01-13.26.03:960][  0]LogConfig: Setting CVar [[r.EyeAdaptationQuality:2]]
[2018.12.01-13.26.03:960][  0]LogConfig: Setting CVar [[r.BloomQuality:5]]
[2018.12.01-13.26.03:960][  0]LogConfig: Setting CVar [[r.FastBlurThreshold:100]]
[2018.12.01-13.26.03:960][  0]LogConfig: Setting CVar [[r.Upscale.Quality:3]]
[2018.12.01-13.26.03:960][  0]LogConfig: Setting CVar [[r.Tonemapper.GrainQuantization:1]]
[2018.12.01-13.26.03:960][  0]LogConfig: Setting CVar [[r.LightShaftQuality:1]]
[2018.12.01-13.26.03:960][  0]LogConfig: Setting CVar [[r.Filter.SizeScale:1]]
[2018.12.01-13.26.03:960][  0]LogConfig: Setting CVar [[r.Tonemapper.Quality:5]]
[2018.12.01-13.26.03:960][  0]LogConfig: Setting CVar [[r.DOF.Gather.AccumulatorQuality:1        ; higher gathering accumulator quality]]
[2018.12.01-13.26.03:960][  0]LogConfig: Setting CVar [[r.DOF.Gather.PostfilterMethod:1          ; Median3x3 postfilering method]]
[2018.12.01-13.26.03:960][  0]LogConfig: Setting CVar [[r.DOF.Gather.EnableBokehSettings:0       ; no bokeh simulation when gathering]]
[2018.12.01-13.26.03:960][  0]LogConfig: Setting CVar [[r.DOF.Gather.RingCount:4                 ; medium number of samples when gathering]]
[2018.12.01-13.26.03:960][  0]LogConfig: Setting CVar [[r.DOF.Scatter.ForegroundCompositing:1    ; additive foreground scattering]]
[2018.12.01-13.26.03:960][  0]LogConfig: Setting CVar [[r.DOF.Scatter.BackgroundCompositing:2    ; additive background scattering]]
[2018.12.01-13.26.03:960][  0]LogConfig: Setting CVar [[r.DOF.Scatter.EnableBokehSettings:1      ; bokeh simulation when scattering]]
[2018.12.01-13.26.03:960][  0]LogConfig: Setting CVar [[r.DOF.Scatter.MaxSpriteRatio:0.1         ; only a maximum of 10% of scattered bokeh]]
[2018.12.01-13.26.03:960][  0]LogConfig: Setting CVar [[r.DOF.Recombine.Quality:1                ; cheap slight out of focus]]
[2018.12.01-13.26.03:960][  0]LogConfig: Setting CVar [[r.DOF.Recombine.EnableBokehSettings:0    ; no bokeh simulation on slight out of focus]]
[2018.12.01-13.26.03:960][  0]LogConfig: Setting CVar [[r.DOF.TemporalAAQuality:1                ; more stable temporal accumulation]]
[2018.12.01-13.26.03:960][  0]LogConfig: Setting CVar [[r.DOF.Kernel.MaxForegroundRadius:0.025]]
[2018.12.01-13.26.03:960][  0]LogConfig: Setting CVar [[r.DOF.Kernel.MaxBackgroundRadius:0.025]]
[2018.12.01-13.26.03:960][  0]LogConfig: Applying CVar settings from Section [TextureQuality@3] File [C:/Users/doguk/Desktop/Cekirdek_Jam_2-master/Cekirdek_Jam_2-master/Saved/Config/Windows/Scalability.ini]
[2018.12.01-13.26.03:960][  0]LogConfig: Setting CVar [[r.Streaming.MipBias:0]]
[2018.12.01-13.26.03:960][  0]LogConfig: Setting CVar [[r.Streaming.AmortizeCPUToGPUCopy:0]]
[2018.12.01-13.26.03:960][  0]LogConfig: Setting CVar [[r.Streaming.MaxNumTexturesToStreamPerFrame:0]]
[2018.12.01-13.26.03:960][  0]LogConfig: Setting CVar [[r.Streaming.Boost:1]]
[2018.12.01-13.26.03:960][  0]LogConfig: Setting CVar [[r.MaxAnisotropy:8]]
[2018.12.01-13.26.03:960][  0]LogConfig: Setting CVar [[r.Streaming.LimitPoolSizeToVRAM:0]]
[2018.12.01-13.26.03:960][  0]LogConfig: Setting CVar [[r.Streaming.PoolSize:1000]]
[2018.12.01-13.26.03:960][  0]LogConfig: Setting CVar [[r.Streaming.MaxEffectiveScreenSize:0]]
[2018.12.01-13.26.03:960][  0]LogConfig: Applying CVar settings from Section [EffectsQuality@3] File [C:/Users/doguk/Desktop/Cekirdek_Jam_2-master/Cekirdek_Jam_2-master/Saved/Config/Windows/Scalability.ini]
[2018.12.01-13.26.03:960][  0]LogConfig: Setting CVar [[r.TranslucencyLightingVolumeDim:64]]
[2018.12.01-13.26.03:960][  0]LogConfig: Setting CVar [[r.RefractionQuality:2]]
[2018.12.01-13.26.03:960][  0]LogConfig: Setting CVar [[r.SSR.Quality:3]]
[2018.12.01-13.26.03:960][  0]LogConfig: Setting CVar [[r.SceneColorFormat:4]]
[2018.12.01-13.26.03:960][  0]LogConfig: Setting CVar [[r.DetailMode:2]]
[2018.12.01-13.26.03:960][  0]LogConfig: Setting CVar [[r.TranslucencyVolumeBlur:1]]
[2018.12.01-13.26.03:960][  0]LogConfig: Setting CVar [[r.MaterialQualityLevel:1 ; High quality]]
[2018.12.01-13.26.03:960][  0]LogConfig: Setting CVar [[r.SSS.Scale:1]]
[2018.12.01-13.26.03:960][  0]LogConfig: Setting CVar [[r.SSS.SampleSet:2]]
[2018.12.01-13.26.03:960][  0]LogConfig: Setting CVar [[r.SSS.Quality:1]]
[2018.12.01-13.26.03:960][  0]LogConfig: Setting CVar [[r.SSS.HalfRes:1]]
[2018.12.01-13.26.03:960][  0]LogConfig: Setting CVar [[r.EmitterSpawnRateScale:1.0]]
[2018.12.01-13.26.03:960][  0]LogConfig: Setting CVar [[r.ParticleLightQuality:2]]
[2018.12.01-13.26.03:960][  0]LogConfig: Applying CVar settings from Section [FoliageQuality@3] File [C:/Users/doguk/Desktop/Cekirdek_Jam_2-master/Cekirdek_Jam_2-master/Saved/Config/Windows/Scalability.ini]
[2018.12.01-13.26.03:960][  0]LogConfig: Setting CVar [[foliage.DensityScale:1.0]]
[2018.12.01-13.26.03:960][  0]LogConfig: Setting CVar [[grass.DensityScale:1.0]]
[2018.12.01-13.26.03:960][  0]LogConfig: Applying CVar settings from Section [Startup] File [../../../Engine/Config/ConsoleVariables.ini]
[2018.12.01-13.26.03:961][  0]LogConfig: Setting CVar [[net.UseAdaptiveNetUpdateFrequency:0]]
[2018.12.01-13.26.03:961][  0]LogConfig: Applying CVar settings from Section [ConsoleVariables] File [C:/Users/doguk/Desktop/Cekirdek_Jam_2-master/Cekirdek_Jam_2-master/Saved/Config/Windows/Engine.ini]
[2018.12.01-13.26.03:986][  0]LogInit: Computer: LAPTOP-STHIMN35
[2018.12.01-13.26.03:986][  0]LogInit: User: doguk
[2018.12.01-13.26.03:986][  0]LogInit: CPU Page size=4096, Cores=4
[2018.12.01-13.26.03:986][  0]LogInit: High frequency timer resolution =2.742188 MHz
[2018.12.01-13.26.03:986][  0]LogMemory: Memory total: Physical=15.9GB (16GB approx)
[2018.12.01-13.26.03:986][  0]LogMemory: Platform Memory Stats for Windows
[2018.12.01-13.26.03:986][  0]LogMemory: Process Physical Memory: 107.45 MB used, 107.45 MB peak
[2018.12.01-13.26.03:986][  0]LogMemory: Process Virtual Memory: 90.32 MB used, 90.32 MB peak
[2018.12.01-13.26.03:986][  0]LogMemory: Physical Memory: 7481.93 MB used,  8787.29 MB free, 16269.22 MB total
[2018.12.01-13.26.03:986][  0]LogMemory: Virtual Memory: 4677.99 MB used,  134213048.00 MB free, 134217728.00 MB total
[2018.12.01-13.26.05:228][  0]LogInit: Using OS detected language (tr-TR).
[2018.12.01-13.26.05:228][  0]LogInit: Using OS detected locale (tr-TR).
[2018.12.01-13.26.05:246][  0]LogTextLocalizationManager: No localization for 'tr-TR' exists, so 'en' will be used for the language.
[2018.12.01-13.26.05:247][  0]LogTextLocalizationManager: No localization for 'tr-TR' exists, so 'en' will be used for the locale.
[2018.12.01-13.26.06:408][  0]LogStreaming: Display: Took  1.203s to InitEngineTextLocalization.
[2018.12.01-13.26.07:569][  0]LogSlate: New Slate User Created.  User Index 0, Is Virtual User: 0
[2018.12.01-13.26.07:569][  0]LogSlate: Slate User Registered.  User Index 0, Is Virtual User: 0
[2018.12.01-13.26.07:658][  0]LogHMD: Failed to initialize OpenVR with code 110
[2018.12.01-13.26.07:658][  0]LogD3D11RHI: D3D11 adapters:
[2018.12.01-13.26.07:762][  0]LogD3D11RHI:    0. 'NVIDIA GeForce GTX 1050' (Feature Level 11_0)
[2018.12.01-13.26.07:762][  0]LogD3D11RHI:       4019/0/8134 MB DedicatedVideo/DedicatedSystem/SharedSystem, Outputs:1, VendorId:0x10de
[2018.12.01-13.26.07:779][  0]LogD3D11RHI:    1. 'Intel(R) HD Graphics 630' (Feature Level 11_0)
[2018.12.01-13.26.07:779][  0]LogD3D11RHI:       128/0/8134 MB DedicatedVideo/DedicatedSystem/SharedSystem, Outputs:0, VendorId:0x8086
[2018.12.01-13.26.07:781][  0]LogD3D11RHI:    2. 'Microsoft Basic Render Driver' (Feature Level 11_0)
[2018.12.01-13.26.07:781][  0]LogD3D11RHI:       0/0/8134 MB DedicatedVideo/DedicatedSystem/SharedSystem, Outputs:0, VendorId:0x1414
[2018.12.01-13.26.07:781][  0]LogD3D11RHI: Chosen D3D11 Adapter: 0
[2018.12.01-13.26.07:840][  0]LogD3D11RHI: Creating new Direct3DDevice
[2018.12.01-13.26.07:840][  0]LogD3D11RHI:     GPU DeviceId: 0x1c8d (for the marketing name, search the web for "GPU Device Id")
[2018.12.01-13.26.07:840][  0]LogWindows: EnumDisplayDevices:
[2018.12.01-13.26.07:840][  0]LogWindows:    0. 'Intel(R) HD Graphics 630' (P:1 D:1)
[2018.12.01-13.26.07:841][  0]LogWindows:    1. 'Intel(R) HD Graphics 630' (P:0 D:0)
[2018.12.01-13.26.07:841][  0]LogWindows:    2. 'Intel(R) HD Graphics 630' (P:0 D:0)
[2018.12.01-13.26.07:842][  0]LogWindows:    3. 'NVIDIA GeForce GTX 1050' (P:0 D:0)
[2018.12.01-13.26.07:842][  0]LogWindows: DebugString: PrimaryIsNotTheChoosenAdapter PrimaryIsNotTheChoosenAdapter PrimaryIsNotTheChoosenAdapter 
[2018.12.01-13.26.07:842][  0]LogD3D11RHI:     Adapter Name: NVIDIA GeForce GTX 1050
[2018.12.01-13.26.07:842][  0]LogD3D11RHI:   Driver Version: 398.36 (internal:24.21.13.9836, unified:398.36)
[2018.12.01-13.26.07:842][  0]LogD3D11RHI:      Driver Date: 6-24-2018
[2018.12.01-13.26.07:842][  0]LogRHI: Texture pool is 2813 MB (70% of 4019 MB)
[2018.12.01-13.26.07:924][  0]LogD3D11RHI: Async texture creation enabled
[2018.12.01-13.26.08:323][  0]LogD3D11RHI: GPU Timing Frequency: 1000.000000 (Debug: 2 4)
[2018.12.01-13.26.08:923][  0]LogTemp: Display: Loaded TP WindowsClientTargetPlatform
[2018.12.01-13.26.08:959][  0]LogTemp: Display: Loaded TP WindowsNoEditorTargetPlatform
[2018.12.01-13.26.08:993][  0]LogTemp: Display: Loaded TP WindowsServerTargetPlatform
[2018.12.01-13.26.09:036][  0]LogTemp: Display: Loaded TP WindowsTargetPlatform
[2018.12.01-13.26.09:036][  0]LogTargetPlatformManager: Display: Building Assets For Windows
[2018.12.01-13.26.10:091][  0]LogShaderCompilers: Guid format shader working directory is -35 characters bigger than the processId version (../../../../../../Users/doguk/Desktop/Cekirdek_Jam_2-master/Cekirdek_Jam_2-master/Intermediate/Shaders/WorkingDirectory/8584/).
[2018.12.01-13.26.10:091][  0]LogShaderCompilers: Cleaned the shader compiler working directory 'C:/Users/doguk/AppData/Local/Temp/UnrealShaderWorkingDir/A7D1BC534D1C16C64198C6A817FB3444/'.
[2018.12.01-13.26.10:134][  0]LogXGEController: Cleaning working directory: C:/Users/doguk/AppData/Local/Temp/UnrealXGEWorkingDir/
[2018.12.01-13.26.10:135][  0]LogXGEController: Cannot use XGE Controller as Incredibuild is not installed on this machine.
[2018.12.01-13.26.10:135][  0]LogShaderCompilers: Cannot use XGE Shader Compiler as Incredibuild is not installed on this machine.
[2018.12.01-13.26.10:135][  0]LogShaderCompilers: Display: Using Local Shader Compiler.
[2018.12.01-13.26.11:631][  0]LogDerivedDataCache: Display: Max Cache Size: 512 MB
[2018.12.01-13.26.11:631][  0]LogDerivedDataCache: Display: Starting with empty Boot cache
[2018.12.01-13.26.11:632][  0]LogDerivedDataCache: FDerivedDataBackendGraph:  Pak pak cache file ../../../../../../Users/doguk/Desktop/Cekirdek_Jam_2-master/Cekirdek_Jam_2-master/DerivedDataCache/DDC.ddp not found, will not use a pak cache.
[2018.12.01-13.26.11:632][  0]LogDerivedDataCache: Unable to find inner node Pak for hierarchical cache Hierarchy.
[2018.12.01-13.26.11:632][  0]LogDerivedDataCache: FDerivedDataBackendGraph:  CompressedPak pak cache file ../../../../../../Users/doguk/Desktop/Cekirdek_Jam_2-master/Cekirdek_Jam_2-master/DerivedDataCache/Compressed.ddp not found, will not use a pak cache.
[2018.12.01-13.26.11:632][  0]LogDerivedDataCache: Unable to find inner node CompressedPak for hierarchical cache Hierarchy.
[2018.12.01-13.26.11:664][  0]LogDerivedDataCache: Display: Pak cache opened for reading ../../../Engine/DerivedDataCache/Compressed.ddp.
[2018.12.01-13.26.11:664][  0]LogDerivedDataCache: FDerivedDataBackendGraph:  EnterprisePak pak cache file ../../../Enterprise/DerivedDataCache/Compressed.ddp not found, will not use a pak cache.
[2018.12.01-13.26.11:664][  0]LogDerivedDataCache: Unable to find inner node EnterprisePak for hierarchical cache Hierarchy.
[2018.12.01-13.26.11:677][  0]LogDerivedDataCache: Using Local data cache path C:/Users/doguk/AppData/Local/UnrealEngine/Common/DerivedDataCache: Writable
[2018.12.01-13.26.11:677][  0]LogDerivedDataCache: Shared data cache path not found in *engine.ini, will not use an Shared cache.
[2018.12.01-13.26.11:677][  0]LogDerivedDataCache: Unable to find inner node Shared for hierarchical cache Hierarchy.
[2018.12.01-13.26.11:980][  0]LogMaterial: Verifying Global Shaders for PCD3D_SM5
[2018.12.01-13.26.12:045][  0]LogSlate: Using FreeType 2.6.0
[2018.12.01-13.26.12:088][  0]LogSlate: SlateFontServices - WITH_FREETYPE: 1, WITH_HARFBUZZ: 1
[2018.12.01-13.26.15:109][  0]LogInit: Using OS detected language (tr-TR).
[2018.12.01-13.26.15:109][  0]LogInit: Using OS detected locale (tr-TR).
[2018.12.01-13.26.15:109][  0]LogTextLocalizationManager: No localization for 'tr-TR' exists, so 'en' will be used for the language.
[2018.12.01-13.26.15:109][  0]LogTextLocalizationManager: No localization for 'tr-TR' exists, so 'en' will be used for the locale.
[2018.12.01-13.26.15:110][  0]LogStreaming: Display: Took  0.002s to InitGameTextLocalization.
[2018.12.01-13.26.15:229][  0]LogAssetRegistry: FAssetRegistry took 0.0523 seconds to start up
[2018.12.01-13.26.17:162][  0]LogPackageLocalizationCache: Processed 11 localized package path(s) for 1 prioritized culture(s) in 0.061843 seconds
[2018.12.01-13.26.17:492][  0]LogInit: Selected Device Profile: [Windows]
[2018.12.01-13.26.19:723][  0]LogSimplygon: Simplygon DLL not present - disabling.
[2018.12.01-13.26.19:917][  0]LogMeshReduction: Using SimplygonSwarm for distributed automatic mesh merging
[2018.12.01-13.26.19:917][  0]LogMeshReduction: Using ProxyLODMeshReduction for automatic mesh merging
[2018.12.01-13.26.19:948][  0]LogMeshReduction: Using QuadricMeshReduction for automatic static mesh reduction
[2018.12.01-13.26.19:948][  0]LogMeshReduction: No automatic skeletal mesh reduction module available
[2018.12.01-13.26.20:987][  0]LogNetVersion: GameJamUntitled 1.0.0, NetCL: 4541578, EngineNetVer: 5, GameNetVer: 0 (Checksum: 1037016628)
[2018.12.01-13.26.32:741][  0]LogMoviePlayer: Initializing movie player
[2018.12.01-13.26.34:249][  0]SourceControl: Source control is disabled
[2018.12.01-13.26.34:249][  0]SourceControl: Source control is disabled
[2018.12.01-13.26.34:274][  0]SourceControl: Source control is disabled
[2018.12.01-13.26.35:179][  0]LogAndroidPermission: UAndroidPermissionCallbackProxy::GetInstance
[2018.12.01-13.26.35:494][  0]LogOcInput: OculusInput pre-init called
[2018.12.01-13.26.35:558][  0]LogUObjectArray: 43252 objects as part of root set at end of initial load.
[2018.12.01-13.26.35:558][  0]LogUObjectAllocator: 7594176 out of 0 bytes used by permanent object pool.
[2018.12.01-13.26.35:558][  0]LogUObjectArray: CloseDisregardForGC: 0/0 objects in disregard for GC pool
[2018.12.01-13.26.36:613][  0]LogEngine: Initializing Engine...
[2018.12.01-13.26.36:642][  0]LogHMD: Failed to initialize OpenVR with code 110
[2018.12.01-13.26.36:681][  0]LogStats: UGameplayTagsManager::ConstructGameplayTagTree: ImportINI prefixes -  0.000 s
[2018.12.01-13.26.36:681][  0]LogStats: UGameplayTagsManager::ConstructGameplayTagTree: Construct from data asset -  0.000 s
[2018.12.01-13.26.36:682][  0]LogStats: UGameplayTagsManager::ConstructGameplayTagTree: ImportINI -  0.000 s
[2018.12.01-13.26.36:682][  0]LogStats: UGameplayTagsManager::ConstructGameplayTagTree: GameplayTagTreeChangedEvent.Broadcast -  0.000 s
[2018.12.01-13.26.38:158][  0]LogInit: Initializing FReadOnlyCVARCache
[2018.12.01-13.26.38:234][  0]LogInit: XAudio2 using 'Hoparlör/Kulaklık (Realtek High Definition Audio)' : 2 channels at 48 kHz using 32 bits per sample (channel mask 0x3)
[2018.12.01-13.26.38:457][  0]LogInit: FAudioDevice initialized.
[2018.12.01-13.26.38:469][  0]LogNetVersion: Set ProjectVersion to 1.0.0.0. Version Checksum will be recalculated on next use.
[2018.12.01-13.26.38:602][  0]LogDerivedDataCache: Saved boot cache 0.13s 73MB C:/Users/doguk/AppData/Local/UnrealEngine/4.21/DerivedDataCache/Boot.ddc.
[2018.12.01-13.26.38:606][  0]LogInit: Texture streaming: Enabled
[2018.12.01-13.26.40:954][  0]LogSlate: Updating window title bar state: overlay mode, drag disabled, window buttons hidden, title bar hidden
[2018.12.01-13.26.40:999][  0]LogInit: Display: Game Engine Initialized.
[2018.12.01-13.26.40:999][  0]LogGameplayTags: Display: UGameplayTagsManager::DoneAddingNativeTags. DelegateIsBound: 0
[2018.12.01-13.26.40:999][  0]LogStats: UGameplayTagsManager::ConstructGameplayTagTree: ImportINI prefixes -  0.000 s
[2018.12.01-13.26.40:999][  0]LogStats: UGameplayTagsManager::ConstructGameplayTagTree: Construct from data asset -  0.000 s
[2018.12.01-13.26.41:000][  0]LogStats: UGameplayTagsManager::ConstructGameplayTagTree: ImportINI -  0.000 s
[2018.12.01-13.26.41:000][  0]LogStats: UGameplayTagsManager::ConstructGameplayTagTree: GameplayTagTreeChangedEvent.Broadcast -  0.000 s
[2018.12.01-13.26.41:173][  0]LogInit: Display: Starting Game.
[2018.12.01-13.26.41:173][  0]LogNet: Browse: /Engine/Maps/Entry?Name=Player
[2018.12.01-13.26.41:186][  0]LogLoad: LoadMap: /Engine/Maps/Entry?Name=Player
[2018.12.01-13.26.42:893][  0]LogAIModule: Creating AISystem for world Entry
[2018.12.01-13.26.42:899][  0]LogLoad: Game class is 'GameModeBase'
[2018.12.01-13.26.42:915][  0]LogWorld: Bringing World /Engine/Maps/Entry.Entry up for play (max tick rate 0) at 2018.12.01-16.26.42
[2018.12.01-13.26.42:916][  0]LogWorld: Bringing up level for play took: 0.015593
[2018.12.01-13.26.43:236][  0]LogLoad: Took 2.050360 seconds to LoadMap(/Engine/Maps/Entry)
[2018.12.01-13.26.44:388][  0]LogRenderer: Reallocating scene render targets to support 1536x864 Format 10 NumSamples 1 (Frame:1).
[2018.12.01-13.26.44:388][  0]LogLoad: (Engine Initialization) Total time: 158.55 seconds
[2018.12.01-13.26.44:388][  0]LogLoad: (Engine Initialization) Total Blueprint compile time: 0.00 seconds
[2018.12.01-13.26.44:470][  0]LogWindowsTextInputMethodSystem: Display: IME system now deactivated.
[2018.12.01-13.26.44:602][  0]LogContentStreaming: Texture pool size now 1000 MB
[2018.12.01-13.28.13:021][437]LogSlate: Window 'GameJamUntitled (64-bit Development PCD3D_SM5) ' being destroyed
[2018.12.01-13.28.13:022][437]LogWindowsTextInputMethodSystem: Display: IME system now deactivated.
[2018.12.01-13.28.13:038][437]LogSlate: Updating window title bar state: overlay mode, drag disabled, window buttons hidden, title bar hidden
[2018.12.01-13.28.13:038][437]LogEngine: All Windows Closed
[2018.12.01-13.28.13:038][437]LogWindows: FPlatformMisc::RequestExit(0)
[2018.12.01-13.28.13:737][438]LogExit: Preparing to exit.
[2018.12.01-13.28.13:737][438]LogMoviePlayer: Shutting down movie player
[2018.12.01-13.28.14:004][438]LogSlate: Updating window title bar state: overlay mode, drag disabled, window buttons hidden, title bar hidden
[2018.12.01-13.28.14:077][438]LogExit: Game engine shut down
[2018.12.01-13.28.14:756][438]LogExit: Object subsystem successfully closed.
[2018.12.01-13.28.14:796][438]LogShaderCompilers: Display: Shaders left to compile 0
[2018.12.01-13.28.14:798][438]LogD3D11RHI: Shutdown
[2018.12.01-13.28.14:798][438]LogD3D11RHI: CleanupD3DDevice
[2018.12.01-13.28.14:799][438]LogD3D11RHI: ~FD3D11DynamicRHI
[2018.12.01-13.28.15:303][438]LogModuleManager: Shutting down and abandoning module SequenceRecorderSections (386)
[2018.12.01-13.28.15:303][438]LogModuleManager: Shutting down and abandoning module SequenceRecorder (384)
[2018.12.01-13.28.15:303][438]LogModuleManager: Shutting down and abandoning module AutomationController (382)
[2018.12.01-13.28.15:303][438]LogModuleManager: Shutting down and abandoning module AutomationWorker (380)
[2018.12.01-13.28.15:303][438]LogModuleManager: Shutting down and abandoning module Voice (378)
[2018.12.01-13.28.15:303][438]LogModuleManager: Shutting down and abandoning module AIModule (376)
[2018.12.01-13.28.15:303][438]LogModuleManager: Shutting down and abandoning module GameplayDebugger (375)
[2018.12.01-13.28.15:316][438]LogModuleManager: Shutting down and abandoning module AITestSuite (373)
[2018.12.01-13.28.15:316][438]LogModuleManager: Shutting down and abandoning module NavigationSystem (371)
[2018.12.01-13.28.15:316][438]LogModuleManager: Shutting down and abandoning module WmfMediaFactory (368)
[2018.12.01-13.28.15:316][438]LogModuleManager: Shutting down and abandoning module WebMMediaFactory (366)
[2018.12.01-13.28.15:316][438]LogModuleManager: Shutting down and abandoning module WebMMedia (364)
[2018.12.01-13.28.15:316][438]LogModuleManager: Shutting down and abandoning module OpenExrWrapper (362)
[2018.12.01-13.28.15:316][438]LogModuleManager: Shutting down and abandoning module ImgMediaFactory (360)
[2018.12.01-13.28.15:316][438]LogModuleManager: Shutting down and abandoning module AvfMediaFactory (358)
[2018.12.01-13.28.15:316][438]LogModuleManager: Shutting down and abandoning module MagicLeapCameraPreviewFactory (356)
[2018.12.01-13.28.15:316][438]LogModuleManager: Shutting down and abandoning module MagicLeapMediaFactory (354)
[2018.12.01-13.28.15:316][438]LogModuleManager: Shutting down and abandoning module CharacterAI (352)
[2018.12.01-13.28.15:316][438]LogModuleManager: Shutting down and abandoning module SessionServices (350)
[2018.12.01-13.28.15:316][438]LogModuleManager: Shutting down and abandoning module MovieSceneCapture (348)
[2018.12.01-13.28.15:316][438]LogModuleManager: Shutting down and abandoning module MovieSceneTracks (346)
[2018.12.01-13.28.15:316][438]LogModuleManager: Shutting down and abandoning module MovieScene (344)
[2018.12.01-13.28.15:316][438]LogModuleManager: Shutting down and abandoning module StreamingPauseRendering (342)
[2018.12.01-13.28.15:316][438]LogModuleManager: Shutting down and abandoning module PortalServices (340)
[2018.12.01-13.28.15:316][438]LogModuleManager: Shutting down and abandoning module PortalRpc (338)
[2018.12.01-13.28.15:316][438]LogModuleManager: Shutting down and abandoning module MessagingRpc (336)
[2018.12.01-13.28.15:316][438]LogModuleManager: Shutting down and abandoning module ImageWriteQueue (334)
[2018.12.01-13.28.15:318][438]LogModuleManager: Shutting down and abandoning module ProfilerService (332)
[2018.12.01-13.28.15:396][438]LogModuleManager: Shutting down and abandoning module TaskGraph (330)
[2018.12.01-13.28.15:396][438]LogModuleManager: Shutting down and abandoning module SteamVRController (328)
[2018.12.01-13.28.15:396][438]LogModuleManager: Shutting down and abandoning module ProceduralMeshComponent (326)
[2018.12.01-13.28.15:396][438]LogModuleManager: Shutting down and abandoning module OculusInput (324)
[2018.12.01-13.28.15:396][438]LogModuleManager: Shutting down and abandoning module MobilePatchingUtils (322)
[2018.12.01-13.28.15:396][438]LogModuleManager: Shutting down and abandoning module EditableMesh (320)
[2018.12.01-13.28.15:405][438]LogModuleManager: Shutting down and abandoning module CustomMeshComponent (318)
[2018.12.01-13.28.15:405][438]LogModuleManager: Shutting down and abandoning module CableComponent (316)
[2018.12.01-13.28.15:405][438]LogModuleManager: Shutting down and abandoning module AudioCapture (314)
[2018.12.01-13.28.15:405][438]LogModuleManager: Shutting down and abandoning module ArchVisCharacter (312)
[2018.12.01-13.28.15:405][438]LogModuleManager: Shutting down and abandoning module AndroidPermission (310)
[2018.12.01-13.28.15:405][438]LogModuleManager: Shutting down and abandoning module NUTUnrealEngine4 (308)
[2018.12.01-13.28.15:406][438]LogModuleManager: Shutting down and abandoning module NetcodeUnitTest (306)
[2018.12.01-13.28.15:406][438]LogModuleManager: Shutting down and abandoning module MediaCompositing (304)
[2018.12.01-13.28.15:406][438]LogModuleManager: Shutting down and abandoning module LinearTimecode (302)
[2018.12.01-13.28.15:406][438]LogModuleManager: Shutting down and abandoning module ImgMedia (300)
[2018.12.01-13.28.15:424][438]LogModuleManager: Shutting down and abandoning module HTML5Networking (298)
[2018.12.01-13.28.15:424][438]LogModuleManager: Shutting down and abandoning module GeometryCacheTracks (296)
[2018.12.01-13.28.15:424][438]LogModuleManager: Shutting down and abandoning module GeometryCacheSequencer (295)
[2018.12.01-13.28.15:433][438]LogModuleManager: Shutting down and abandoning module GeometryCache (292)
[2018.12.01-13.28.15:433][438]LogModuleManager: Shutting down and abandoning module GeometryCacheEd (291)
[2018.12.01-13.28.15:433][438]LogModuleManager: Shutting down and abandoning module BackChannel (288)
[2018.12.01-13.28.15:433][438]LogModuleManager: Shutting down and abandoning module AppleVision (286)
[2018.12.01-13.28.15:433][438]LogModuleManager: Shutting down and abandoning module AppleImageUtilsBlueprintSupport (284)
[2018.12.01-13.28.15:433][438]LogModuleManager: Shutting down and abandoning module AppleImageUtils (282)
[2018.12.01-13.28.15:433][438]LogModuleManager: Shutting down and abandoning module VariantManagerContent (280)
[2018.12.01-13.28.15:433][438]LogModuleManager: Shutting down and abandoning module CryptoKeysOpenSSL (278)
[2018.12.01-13.28.15:433][438]LogModuleManager: Shutting down and abandoning module CryptoKeys (276)
[2018.12.01-13.28.15:433][438]LogModuleManager: Shutting down and abandoning module VisualStudioSourceCodeAccess (274)
[2018.12.01-13.28.15:433][438]LogModuleManager: Shutting down and abandoning module HotReload (273)
[2018.12.01-13.28.15:433][438]LogModuleManager: Shutting down and abandoning module DirectoryWatcher (272)
[2018.12.01-13.28.15:433][438]LogModuleManager: Shutting down and abandoning module VisualStudioCodeSourceCodeAccess (268)
[2018.12.01-13.28.15:433][438]LogModuleManager: Shutting down and abandoning module UObjectPlugin (266)
[2018.12.01-13.28.15:433][438]LogModuleManager: Shutting down and abandoning module SubversionSourceControl (264)
[2018.12.01-13.28.15:434][438]LogModuleManager: Shutting down and abandoning module PerforceSourceControl (262)
[2018.12.01-13.28.15:456][438]LogModuleManager: Shutting down and abandoning module SourceControl (261)
[2018.12.01-13.28.15:456][438]LogModuleManager: Shutting down and abandoning module CLionSourceCodeAccess (258)
[2018.12.01-13.28.15:456][438]LogModuleManager: Shutting down and abandoning module ActorLayerUtilities (256)
[2018.12.01-13.28.15:456][438]LogModuleManager: Shutting down and abandoning module GameJamUntitled (254)
[2018.12.01-13.28.15:456][438]LogModuleManager: Shutting down and abandoning module RuntimePhysXCooking (252)
[2018.12.01-13.28.15:456][438]LogModuleManager: Shutting down and abandoning module PhysXVehiclesEditor (250)
[2018.12.01-13.28.15:456][438]LogModuleManager: Shutting down and abandoning module PhysXVehicles (248)
[2018.12.01-13.28.15:456][438]LogModuleManager: Shutting down and abandoning module LocationServicesBPLibrary (246)
[2018.12.01-13.28.15:456][438]LogModuleManager: Shutting down and abandoning module ActorSequence (244)
[2018.12.01-13.28.15:456][438]LogModuleManager: Shutting down and abandoning module UdpMessaging (242)
[2018.12.01-13.28.15:456][438]LogModuleManager: Shutting down and abandoning module TcpMessaging (240)
[2018.12.01-13.28.15:456][438]LogModuleManager: Shutting down and abandoning module MagicLeapAudio (238)
[2018.12.01-13.28.15:456][438]LogModuleManager: Shutting down and abandoning module GameplayTagsEditor (236)
[2018.12.01-13.28.15:457][438]LogModuleManager: Shutting down and abandoning module FacialAnimation (234)
[2018.12.01-13.28.15:457][438]LogModuleManager: Shutting down and abandoning module DataValidation (232)
[2018.12.01-13.28.15:457][438]LogModuleManager: Shutting down and abandoning module AssetManagerEditor (230)
[2018.12.01-13.28.15:478][438]LogModuleManager: Shutting down and abandoning module TreeMap (229)
[2018.12.01-13.28.15:478][438]LogModuleManager: Shutting down and abandoning module LightPropagationVolumeRuntime (226)
[2018.12.01-13.28.15:478][438]LogModuleManager: Shutting down and abandoning module AISupportModule (224)
[2018.12.01-13.28.15:478][438]LogModuleManager: Shutting down and abandoning module Paper2D (222)
[2018.12.01-13.28.15:478][438]LogModuleManager: Shutting down and abandoning module WindowsMoviePlayer (220)
[2018.12.01-13.28.15:478][438]LogModuleManager: Shutting down and abandoning module WebMMoviePlayer (218)
[2018.12.01-13.28.15:478][438]LogModuleManager: Shutting down and abandoning module WmfMedia (216)
[2018.12.01-13.28.15:479][438]LogModuleManager: Shutting down and abandoning module Media (215)
[2018.12.01-13.28.15:485][438]LogModuleManager: Shutting down and abandoning module PacketHandler (212)
[2018.12.01-13.28.15:485][438]LogModuleManager: Shutting down and abandoning module ClothingSystemEditor (210)
[2018.12.01-13.28.15:485][438]LogModuleManager: Shutting down and abandoning module ClothingSystemRuntime (208)
[2018.12.01-13.28.15:485][438]LogModuleManager: Shutting down and abandoning module MediaAssets (206)
[2018.12.01-13.28.15:485][438]LogModuleManager: Shutting down and abandoning module Overlay (204)
[2018.12.01-13.28.15:485][438]LogModuleManager: Shutting down and abandoning module OverlayEditor (203)
[2018.12.01-13.28.15:485][438]LogModuleManager: Shutting down and abandoning module VREditor (200)
[2018.12.01-13.28.15:502][438]LogModuleManager: Shutting down and abandoning module StringTableEditor (198)
[2018.12.01-13.28.15:502][438]LogModuleManager: Shutting down and abandoning module GameplayTasksEditor (196)
[2018.12.01-13.28.15:502][438]LogModuleManager: Shutting down and abandoning module BehaviorTreeEditor (194)
[2018.12.01-13.28.15:502][438]LogModuleManager: Shutting down and abandoning module FunctionalTesting (192)
[2018.12.01-13.28.15:502][438]LogModuleManager: Shutting down and abandoning module CollisionAnalyzer (190)
[2018.12.01-13.28.15:502][438]LogModuleManager: Shutting down and abandoning module WorkspaceMenuStructure (189)
[2018.12.01-13.28.15:525][438]LogModuleManager: Shutting down and abandoning module UMG (186)
[2018.12.01-13.28.15:540][438]LogModuleManager: Shutting down and abandoning module UMGEditor (185)
[2018.12.01-13.28.15:566][438]LogModuleManager: Shutting down and abandoning module Sequencer (184)
[2018.12.01-13.28.15:611][438]LogModuleManager: Shutting down and abandoning module MessageLog (181)
[2018.12.01-13.28.15:611][438]LogModuleManager: Shutting down and abandoning module SlateReflector (176)
[2018.12.01-13.28.15:628][438]LogModuleManager: Shutting down and abandoning module Slate (174)
[2018.12.01-13.28.15:638][438]LogModuleManager: Shutting down and abandoning module EditorStyle (172)
[2018.12.01-13.28.15:640][438]LogModuleManager: Shutting down and abandoning module MRMesh (170)
[2018.12.01-13.28.15:640][438]LogModuleManager: Shutting down and abandoning module Messaging (168)
[2018.12.01-13.28.15:640][438]LogModuleManager: Shutting down and abandoning module SourceCodeAccess (166)
[2018.12.01-13.28.15:640][438]LogModuleManager: Shutting down and abandoning module HeadMountedDisplay (164)
[2018.12.01-13.28.15:640][438]LogModuleManager: Shutting down and abandoning module XAudio2 (162)
[2018.12.01-13.28.15:640][438]LogModuleManager: Shutting down and abandoning module Networking (160)
[2018.12.01-13.28.15:640][438]LogModuleManager: Shutting down and abandoning module Core (158)
[2018.12.01-13.28.15:640][438]LogModuleManager: Shutting down and abandoning module LevelSequence (156)
[2018.12.01-13.28.15:640][438]LogModuleManager: Shutting down and abandoning module KismetCompiler (154)
[2018.12.01-13.28.15:640][438]LogModuleManager: Shutting down and abandoning module MeshUtilities (152)
[2018.12.01-13.28.15:652][438]LogModuleManager: Shutting down and abandoning module MeshMergeUtilities (151)
[2018.12.01-13.28.15:658][438]LogModuleManager: Shutting down and abandoning module MeshReductionInterface (150)
[2018.12.01-13.28.15:659][438]LogModuleManager: Shutting down and abandoning module SimplygonSwarm (149)
[2018.12.01-13.28.15:659][438]LogModuleManager: Shutting down and abandoning module ProxyLODMeshReduction (147)
[2018.12.01-13.28.15:659][438]LogModuleManager: Shutting down and abandoning module SimplygonMeshReduction (145)
[2018.12.01-13.28.15:659][438]LogModuleManager: Shutting down and abandoning module QuadricMeshReduction (143)
[2018.12.01-13.28.15:659][438]LogModuleManager: Shutting down and abandoning module MaterialBaking (139)
[2018.12.01-13.28.15:659][438]LogModuleManager: Shutting down and abandoning module PIEPreviewDeviceProfileSelector (134)
[2018.12.01-13.28.15:659][438]LogModuleManager: Shutting down and abandoning module DerivedDataCache (132)
[2018.12.01-13.28.15:669][438]LogDerivedDataCache: Shutdown
[2018.12.01-13.28.15:669][438]LogModuleManager: Shutting down and abandoning module XGEController (130)
[2018.12.01-13.28.15:670][438]LogXGEController: Cleaning working directory: C:/Users/doguk/AppData/Local/Temp/UnrealXGEWorkingDir/
[2018.12.01-13.28.15:670][438]LogModuleManager: Shutting down and abandoning module TargetPlatform (128)
[2018.12.01-13.28.15:670][438]LogModuleManager: Shutting down and abandoning module VulkanShaderFormat (127)
[2018.12.01-13.28.15:670][438]LogModuleManager: Shutting down and abandoning module ShaderFormatVectorVM (125)
[2018.12.01-13.28.15:670][438]LogModuleManager: Shutting down and abandoning module ShaderFormatOpenGL (123)
[2018.12.01-13.28.15:670][438]LogModuleManager: Shutting down and abandoning module ShaderFormatD3D (121)
[2018.12.01-13.28.15:670][438]LogModuleManager: Shutting down and abandoning module MetalShaderFormat (119)
[2018.12.01-13.28.15:682][438]LogModuleManager: Shutting down and abandoning module TextureFormatUncompressed (117)
[2018.12.01-13.28.15:682][438]LogModuleManager: Shutting down and abandoning module TextureFormatPVR (115)
[2018.12.01-13.28.15:682][438]LogModuleManager: Shutting down and abandoning module TextureFormatDXT (113)
[2018.12.01-13.28.15:682][438]LogModuleManager: Shutting down and abandoning module TextureFormatIntelISPCTexComp (111)
[2018.12.01-13.28.15:682][438]LogModuleManager: Shutting down and abandoning module TextureFormatASTC (109)
[2018.12.01-13.28.15:682][438]LogModuleManager: Shutting down and abandoning module ImageWrapper (108)
[2018.12.01-13.28.15:682][438]LogModuleManager: Shutting down and abandoning module TextureFormatAndroid (105)
[2018.12.01-13.28.15:682][438]LogModuleManager: Shutting down and abandoning module AudioFormatOpus (103)
[2018.12.01-13.28.15:682][438]LogModuleManager: Shutting down and abandoning module AudioFormatOgg (101)
[2018.12.01-13.28.15:682][438]LogModuleManager: Shutting down and abandoning module AudioFormatADPCM (99)
[2018.12.01-13.28.15:682][438]LogModuleManager: Shutting down and abandoning module WindowsTargetPlatform (97)
[2018.12.01-13.28.15:682][438]LogModuleManager: Shutting down and abandoning module WindowsServerTargetPlatform (95)
[2018.12.01-13.28.15:683][438]LogModuleManager: Shutting down and abandoning module WindowsNoEditorTargetPlatform (93)
[2018.12.01-13.28.15:683][438]LogModuleManager: Shutting down and abandoning module WindowsClientTargetPlatform (91)
[2018.12.01-13.28.15:683][438]LogModuleManager: Shutting down and abandoning module InputCore (88)
[2018.12.01-13.28.15:683][438]LogModuleManager: Shutting down and abandoning module Settings (86)
[2018.12.01-13.28.15:683][438]LogModuleManager: Shutting down and abandoning module PhysXCooking (84)
[2018.12.01-13.28.15:683][438]LogModuleManager: Shutting down and abandoning module SteamVR (82)
[2018.12.01-13.28.15:683][438]LogHMD: Freeing OpenVRDLLHandle.
[2018.12.01-13.28.15:683][438]LogModuleManager: Shutting down and abandoning module OculusHMD (80)
[2018.12.01-13.28.15:683][438]LogModuleManager: Shutting down and abandoning module ExampleDeviceProfileSelector (78)
[2018.12.01-13.28.15:683][438]LogModuleManager: Shutting down and abandoning module LauncherChunkInstaller (76)
[2018.12.01-13.28.15:683][438]LogModuleManager: Shutting down and abandoning module OnlineBlueprintSupport (74)
[2018.12.01-13.28.15:683][438]LogModuleManager: Shutting down and abandoning module OnlineSubsystem (70)
[2018.12.01-13.28.15:692][438]LogModuleManager: Shutting down and abandoning module XMPP (65)
[2018.12.01-13.28.15:703][438]LogModuleManager: Shutting down and abandoning module WebSockets (64)
[2018.12.01-13.28.15:729][438]LogModuleManager: Shutting down and abandoning module HTTP (61)
[2018.12.01-13.28.15:750][438]LogModuleManager: Shutting down and abandoning module SSL (60)
[2018.12.01-13.28.15:751][438]LogModuleManager: Shutting down and abandoning module MagicLeapIdentity (56)
[2018.12.01-13.28.15:751][438]LogModuleManager: Shutting down and abandoning module MagicLeapHelperVulkan (54)
[2018.12.01-13.28.15:751][438]LogModuleManager: Shutting down and abandoning module MagicLeapHelperOpenGL (52)
[2018.12.01-13.28.15:751][438]LogModuleManager: Shutting down and abandoning module MagicLeapSecureStorage (50)
[2018.12.01-13.28.15:751][438]LogModuleManager: Shutting down and abandoning module MagicLeapHandTracking (48)
[2018.12.01-13.28.15:752][438]LogModuleManager: Shutting down and abandoning module MagicLeapEyeTracker (46)
[2018.12.01-13.28.15:752][438]LogModuleManager: Shutting down and abandoning module MagicLeapController (44)
[2018.12.01-13.28.15:752][438]LogSlate: Slate User Destroyed.  User Index 0, Is Virtual User: 0
[2018.12.01-13.28.15:752][438]LogModuleManager: Shutting down and abandoning module MagicLeap (42)
[2018.12.01-13.28.15:752][438]LogModuleManager: Shutting down and abandoning module DatasmithContent (40)
[2018.12.01-13.28.15:753][438]LogModuleManager: Shutting down and abandoning module DesktopPlatform (38)
[2018.12.01-13.28.15:753][438]LogModuleManager: Shutting down and abandoning module AnimationModifiers (36)
[2018.12.01-13.28.15:753][438]LogModuleManager: Shutting down and abandoning module PropertyEditor (35)
[2018.12.01-13.28.15:760][438]LogModuleManager: Shutting down and abandoning module AudioEditor (32)
[2018.12.01-13.28.15:760][438]LogModuleManager: Shutting down and abandoning module TextureCompressor (30)
[2018.12.01-13.28.15:760][438]LogModuleManager: Shutting down and abandoning module ShaderCore (28)
[2018.12.01-13.28.15:760][438]LogModuleManager: Shutting down and abandoning module Landscape (26)
[2018.12.01-13.28.15:760][438]LogModuleManager: Shutting down and abandoning module SlateRHIRenderer (24)
[2018.12.01-13.28.15:761][438]LogModuleManager: Shutting down and abandoning module OpenGLDrv (22)
[2018.12.01-13.28.15:761][438]LogModuleManager: Shutting down and abandoning module D3D11RHI (20)
[2018.12.01-13.28.15:761][438]LogModuleManager: Shutting down and abandoning module AnimGraphRuntime (18)
[2018.12.01-13.28.15:761][438]LogModuleManager: Shutting down and abandoning module Renderer (16)
[2018.12.01-13.28.15:761][438]LogModuleManager: Shutting down and abandoning module Engine (14)
[2018.12.01-13.28.15:761][438]LogModuleManager: Shutting down and abandoning module CoreUObject (12)
[2018.12.01-13.28.15:761][438]LogModuleManager: Shutting down and abandoning module NetworkFile (10)
[2018.12.01-13.28.15:761][438]LogModuleManager: Shutting down and abandoning module CookedIterativeFile (8)
[2018.12.01-13.28.15:761][438]LogModuleManager: Shutting down and abandoning module StreamingFile (6)
[2018.12.01-13.28.15:761][438]LogModuleManager: Shutting down and abandoning module SandboxFile (4)
[2018.12.01-13.28.15:761][438]LogModuleManager: Shutting down and abandoning module PakFile (2)
[2018.12.01-13.28.15:767][438]LogExit: Exiting.
[2018.12.01-13.28.15:788][438]Log file closed, 12/01/18 16:28:15
